[2020-01-22 17:31:39] local.ERROR: The only supported ciphers are AES-128-CBC and AES-256-CBC with the correct key lengths. {"exception":"[object] (RuntimeException(code: 0): The only supported ciphers are AES-128-CBC and AES-256-CBC with the correct key lengths. at /Users/isihyeon/Documents/GitHub/lsh_project/vendor/laravel/framework/src/Illuminate/Encryption/Encrypter.php:43)
[stacktrace]
#0 /Users/isihyeon/Documents/GitHub/lsh_project/vendor/laravel/framework/src/Illuminate/Encryption/EncryptionServiceProvider.php(28): Illuminate\\Encryption\\Encrypter->__construct('\\x1D\\xFD\\xFF\\xAC}v\\x85\\xBCp\\xB0\\xC3L1\\x0E\\\\...', 'AES-256-CBC')
#1 /Users/isihyeon/Documents/GitHub/lsh_project/vendor/laravel/framework/src/Illuminate/Container/Container.php(785): Illuminate\\Encryption\\EncryptionServiceProvider->Illuminate\\Encryption\\{closure}(Object(Illuminate\\Foundation\\Application), Array)
#2 /Users/isihyeon/Documents/GitHub/lsh_project/vendor/laravel/framework/src/Illuminate/Container/Container.php(667): Illuminate\\Container\\Container->build(Object(Closure))
#3 /Users/isihyeon/Documents/GitHub/lsh_project/vendor/laravel/framework/src/Illuminate/Container/Container.php(615): Illuminate\\Container\\Container->resolve('encrypter', Array)
#4 /Users/isihyeon/Documents/GitHub/lsh_project/vendor/laravel/framework/src/Illuminate/Foundation/Application.php(767): Illuminate\\Container\\Container->make('encrypter', Array)
#5 /Users/isihyeon/Documents/GitHub/lsh_project/vendor/laravel/framework/src/Illuminate/Container/Container.php(927): Illuminate\\Foundation\\Application->make('encrypter')
#6 /Users/isihyeon/Documents/GitHub/lsh_project/vendor/laravel/framework/src/Illuminate/Container/Container.php(855): Illuminate\\Container\\Container->resolveClass(Object(ReflectionParameter))
#7 /Users/isihyeon/Documents/GitHub/lsh_project/vendor/laravel/framework/src/Illuminate/Container/Container.php(816): Illuminate\\Container\\Container->resolveDependencies(Array)
#8 /Users/isihyeon/Documents/GitHub/lsh_project/vendor/laravel/framework/src/Illuminate/Container/Container.php(667): Illuminate\\Container\\Container->build('App\\\\Http\\\\Middle...')
#9 /Users/isihyeon/Documents/GitHub/lsh_project/vendor/laravel/framework/src/Illuminate/Container/Container.php(615): Illuminate\\Container\\Container->resolve('App\\\\Http\\\\Middle...', Array)
#10 /Users/isihyeon/Documents/GitHub/lsh_project/vendor/laravel/framework/src/Illuminate/Foundation/Application.php(767): Illuminate\\Container\\Container->make('App\\\\Http\\\\Middle...', Array)
#11 /Users/isihyeon/Documents/GitHub/lsh_project/vendor/laravel/framework/src/Illuminate/Pipeline/Pipeline.php(152): Illuminate\\Foundation\\Application->make('App\\\\Http\\\\Middle...')
#12 /Users/isihyeon/Documents/GitHub/lsh_project/vendor/laravel/framework/src/Illuminate/Routing/Pipeline.php(53): Illuminate\\Pipeline\\Pipeline->Illuminate\\Pipeline\\{closure}(Object(Illuminate\\Http\\Request))
#13 /Users/isihyeon/Documents/GitHub/lsh_project/vendor/laravel/framework/src/Illuminate/Pipeline/Pipeline.php(104): Illuminate\\Routing\\Pipeline->Illuminate\\Routing\\{closure}(Object(Illuminate\\Http\\Request))
#14 /Users/isihyeon/Documents/GitHub/lsh_project/vendor/laravel/framework/src/Illuminate/Routing/Router.php(682): Illuminate\\Pipeline\\Pipeline->then(Object(Closure))
#15 /Users/isihyeon/Documents/GitHub/lsh_project/vendor/laravel/framework/src/Illuminate/Routing/Router.php(657): Illuminate\\Routing\\Router->runRouteWithinStack(Object(Illuminate\\Routing\\Route), Object(Illuminate\\Http\\Request))
#16 /Users/isihyeon/Documents/GitHub/lsh_project/vendor/laravel/framework/src/Illuminate/Routing/Router.php(623): Illuminate\\Routing\\Router->runRoute(Object(Illuminate\\Http\\Request), Object(Illuminate\\Routing\\Route))
#17 /Users/isihyeon/Documents/GitHub/lsh_project/vendor/laravel/framework/src/Illuminate/Routing/Router.php(612): Illuminate\\Routing\\Router->dispatchToRoute(Object(Illuminate\\Http\\Request))
#18 /Users/isihyeon/Documents/GitHub/lsh_project/vendor/laravel/framework/src/Illuminate/Foundation/Http/Kernel.php(176): Illuminate\\Routing\\Router->dispatch(Object(Illuminate\\Http\\Request))
#19 /Users/isihyeon/Documents/GitHub/lsh_project/vendor/laravel/framework/src/Illuminate/Routing/Pipeline.php(30): Illuminate\\Foundation\\Http\\Kernel->Illuminate\\Foundation\\Http\\{closure}(Object(Illuminate\\Http\\Request))
#20 /Users/isihyeon/Documents/GitHub/lsh_project/vendor/laravel/framework/src/Illuminate/Foundation/Http/Middleware/TransformsRequest.php(21): Illuminate\\Routing\\Pipeline->Illuminate\\Routing\\{closure}(Object(Illuminate\\Http\\Request))
#21 /Users/isihyeon/Documents/GitHub/lsh_project/vendor/laravel/framework/src/Illuminate/Pipeline/Pipeline.php(163): Illuminate\\Foundation\\Http\\Middleware\\TransformsRequest->handle(Object(Illuminate\\Http\\Request), Object(Closure))
#22 /Users/isihyeon/Documents/GitHub/lsh_project/vendor/laravel/framework/src/Illuminate/Routing/Pipeline.php(53): Illuminate\\Pipeline\\Pipeline->Illuminate\\Pipeline\\{closure}(Object(Illuminate\\Http\\Request))
#23 /Users/isihyeon/Documents/GitHub/lsh_project/vendor/laravel/framework/src/Illuminate/Foundation/Http/Middleware/TransformsRequest.php(21): Illuminate\\Routing\\Pipeline->Illuminate\\Routing\\{closure}(Object(Illuminate\\Http\\Request))
#24 /Users/isihyeon/Documents/GitHub/lsh_project/vendor/laravel/framework/src/Illuminate/Pipeline/Pipeline.php(163): Illuminate\\Foundation\\Http\\Middleware\\TransformsRequest->handle(Object(Illuminate\\Http\\Request), Object(Closure))
#25 /Users/isihyeon/Documents/GitHub/lsh_project/vendor/laravel/framework/src/Illuminate/Routing/Pipeline.php(53): Illuminate\\Pipeline\\Pipeline->Illuminate\\Pipeline\\{closure}(Object(Illuminate\\Http\\Request))
#26 /Users/isihyeon/Documents/GitHub/lsh_project/vendor/laravel/framework/src/Illuminate/Foundation/Http/Middleware/ValidatePostSize.php(27): Illuminate\\Routing\\Pipeline->Illuminate\\Routing\\{closure}(Object(Illuminate\\Http\\Request))
#27 /Users/isihyeon/Documents/GitHub/lsh_project/vendor/laravel/framework/src/Illuminate/Pipeline/Pipeline.php(163): Illuminate\\Foundation\\Http\\Middleware\\ValidatePostSize->handle(Object(Illuminate\\Http\\Request), Object(Closure))
#28 /Users/isihyeon/Documents/GitHub/lsh_project/vendor/laravel/framework/src/Illuminate/Routing/Pipeline.php(53): Illuminate\\Pipeline\\Pipeline->Illuminate\\Pipeline\\{closure}(Object(Illuminate\\Http\\Request))
#29 /Users/isihyeon/Documents/GitHub/lsh_project/vendor/laravel/framework/src/Illuminate/Foundation/Http/Middleware/CheckForMaintenanceMode.php(62): Illuminate\\Routing\\Pipeline->Illuminate\\Routing\\{closure}(Object(Illuminate\\Http\\Request))
#30 /Users/isihyeon/Documents/GitHub/lsh_project/vendor/laravel/framework/src/Illuminate/Pipeline/Pipeline.php(163): Illuminate\\Foundation\\Http\\Middleware\\CheckForMaintenanceMode->handle(Object(Illuminate\\Http\\Request), Object(Closure))
#31 /Users/isihyeon/Documents/GitHub/lsh_project/vendor/laravel/framework/src/Illuminate/Routing/Pipeline.php(53): Illuminate\\Pipeline\\Pipeline->Illuminate\\Pipeline\\{closure}(Object(Illuminate\\Http\\Request))
#32 /Users/isihyeon/Documents/GitHub/lsh_project/vendor/fideloper/proxy/src/TrustProxies.php(57): Illuminate\\Routing\\Pipeline->Illuminate\\Routing\\{closure}(Object(Illuminate\\Http\\Request))
#33 /Users/isihyeon/Documents/GitHub/lsh_project/vendor/laravel/framework/src/Illuminate/Pipeline/Pipeline.php(163): Fideloper\\Proxy\\TrustProxies->handle(Object(Illuminate\\Http\\Request), Object(Closure))
#34 /Users/isihyeon/Documents/GitHub/lsh_project/vendor/laravel/framework/src/Illuminate/Routing/Pipeline.php(53): Illuminate\\Pipeline\\Pipeline->Illuminate\\Pipeline\\{closure}(Object(Illuminate\\Http\\Request))
#35 /Users/isihyeon/Documents/GitHub/lsh_project/vendor/laravel/framework/src/Illuminate/Pipeline/Pipeline.php(104): Illuminate\\Routing\\Pipeline->Illuminate\\Routing\\{closure}(Object(Illuminate\\Http\\Request))
#36 /Users/isihyeon/Documents/GitHub/lsh_project/vendor/laravel/framework/src/Illuminate/Foundation/Http/Kernel.php(151): Illuminate\\Pipeline\\Pipeline->then(Object(Closure))
#37 /Users/isihyeon/Documents/GitHub/lsh_project/vendor/laravel/framework/src/Illuminate/Foundation/Http/Kernel.php(116): Illuminate\\Foundation\\Http\\Kernel->sendRequestThroughRouter(Object(Illuminate\\Http\\Request))
#38 /Users/isihyeon/Documents/GitHub/lsh_project/public/index.php(55): Illuminate\\Foundation\\Http\\Kernel->handle(Object(Illuminate\\Http\\Request))
#39 /Users/isihyeon/Documents/GitHub/lsh_project/server.php(21): require_once('/Users/isihyeon...')
#40 {main}
"} 
[2020-01-22 17:31:39] local.ERROR: The only supported ciphers are AES-128-CBC and AES-256-CBC with the correct key lengths. {"exception":"[object] (RuntimeException(code: 0): The only supported ciphers are AES-128-CBC and AES-256-CBC with the correct key lengths. at /Users/isihyeon/Documents/GitHub/lsh_project/vendor/laravel/framework/src/Illuminate/Encryption/Encrypter.php:43)
[stacktrace]
#0 /Users/isihyeon/Documents/GitHub/lsh_project/vendor/laravel/framework/src/Illuminate/Encryption/EncryptionServiceProvider.php(28): Illuminate\\Encryption\\Encrypter->__construct('\\x1D\\xFD\\xFF\\xAC}v\\x85\\xBCp\\xB0\\xC3L1\\x0E\\\\...', 'AES-256-CBC')
#1 /Users/isihyeon/Documents/GitHub/lsh_project/vendor/laravel/framework/src/Illuminate/Container/Container.php(785): Illuminate\\Encryption\\EncryptionServiceProvider->Illuminate\\Encryption\\{closure}(Object(Illuminate\\Foundation\\Application), Array)
#2 /Users/isihyeon/Documents/GitHub/lsh_project/vendor/laravel/framework/src/Illuminate/Container/Container.php(667): Illuminate\\Container\\Container->build(Object(Closure))
#3 /Users/isihyeon/Documents/GitHub/lsh_project/vendor/laravel/framework/src/Illuminate/Container/Container.php(615): Illuminate\\Container\\Container->resolve('encrypter', Array)
#4 /Users/isihyeon/Documents/GitHub/lsh_project/vendor/laravel/framework/src/Illuminate/Foundation/Application.php(767): Illuminate\\Container\\Container->make('encrypter', Array)
#5 /Users/isihyeon/Documents/GitHub/lsh_project/vendor/laravel/framework/src/Illuminate/Container/Container.php(927): Illuminate\\Foundation\\Application->make('encrypter')
#6 /Users/isihyeon/Documents/GitHub/lsh_project/vendor/laravel/framework/src/Illuminate/Container/Container.php(855): Illuminate\\Container\\Container->resolveClass(Object(ReflectionParameter))
#7 /Users/isihyeon/Documents/GitHub/lsh_project/vendor/laravel/framework/src/Illuminate/Container/Container.php(816): Illuminate\\Container\\Container->resolveDependencies(Array)
#8 /Users/isihyeon/Documents/GitHub/lsh_project/vendor/laravel/framework/src/Illuminate/Container/Container.php(667): Illuminate\\Container\\Container->build('App\\\\Http\\\\Middle...')
#9 /Users/isihyeon/Documents/GitHub/lsh_project/vendor/laravel/framework/src/Illuminate/Container/Container.php(615): Illuminate\\Container\\Container->resolve('App\\\\Http\\\\Middle...', Array)
#10 /Users/isihyeon/Documents/GitHub/lsh_project/vendor/laravel/framework/src/Illuminate/Foundation/Application.php(767): Illuminate\\Container\\Container->make('App\\\\Http\\\\Middle...', Array)
#11 /Users/isihyeon/Documents/GitHub/lsh_project/vendor/laravel/framework/src/Illuminate/Foundation/Http/Kernel.php(215): Illuminate\\Foundation\\Application->make('App\\\\Http\\\\Middle...')
#12 /Users/isihyeon/Documents/GitHub/lsh_project/vendor/laravel/framework/src/Illuminate/Foundation/Http/Kernel.php(189): Illuminate\\Foundation\\Http\\Kernel->terminateMiddleware(Object(Illuminate\\Http\\Request), Object(Illuminate\\Http\\Response))
#13 /Users/isihyeon/Documents/GitHub/lsh_project/public/index.php(60): Illuminate\\Foundation\\Http\\Kernel->terminate(Object(Illuminate\\Http\\Request), Object(Illuminate\\Http\\Response))
#14 /Users/isihyeon/Documents/GitHub/lsh_project/server.php(21): require_once('/Users/isihyeon...')
#15 {main}
"} 
